2018-06-15 10:29:32.412  INFO 41456 --- [restartedMain] w.zhili.springboot2template.Application  : Starting Application on chile with PID 41456 (Z:\work\jiang-intellij-workspace\codes\java-web\srpingboot2\springboot2-template\server\target\classes started by Zhili in Z:\work\jiang-intellij-workspace\codes\java-web\srpingboot2\springboot2-template\server)
2018-06-15 10:29:32.428  INFO 41456 --- [restartedMain] w.zhili.springboot2template.Application  : No active profile set, falling back to default profiles: default
2018-06-15 10:29:32.683  INFO 41456 --- [restartedMain] ConfigServletWebServerApplicationContext : Refreshing org.springframework.boot.web.servlet.context.AnnotationConfigServletWebServerApplicationContext@15ba92d: startup date [Fri Jun 15 10:29:32 CST 2018]; root of context hierarchy
2018-06-15 10:29:35.545  INFO 41456 --- [restartedMain] .s.d.r.c.RepositoryConfigurationDelegate : Multiple Spring Data modules found, entering strict repository configuration mode!
2018-06-15 10:29:36.826  INFO 41456 --- [restartedMain] trationDelegate$BeanPostProcessorChecker : Bean 'org.springframework.transaction.annotation.ProxyTransactionManagementConfiguration' of type [org.springframework.transaction.annotation.ProxyTransactionManagementConfiguration$$EnhancerBySpringCGLIB$$220cff99] is not eligible for getting processed by all BeanPostProcessors (for example: not eligible for auto-proxying)
2018-06-15 10:29:37.149  INFO 41456 --- [restartedMain] trationDelegate$BeanPostProcessorChecker : Bean 'org.springframework.cache.annotation.ProxyCachingConfiguration' of type [org.springframework.cache.annotation.ProxyCachingConfiguration$$EnhancerBySpringCGLIB$$6b1f35b7] is not eligible for getting processed by all BeanPostProcessors (for example: not eligible for auto-proxying)
2018-06-15 10:29:37.178  INFO 41456 --- [restartedMain] trationDelegate$BeanPostProcessorChecker : Bean 'org.springframework.boot.autoconfigure.cache.CacheAutoConfiguration' of type [org.springframework.boot.autoconfigure.cache.CacheAutoConfiguration$$EnhancerBySpringCGLIB$$5f92fa5b] is not eligible for getting processed by all BeanPostProcessors (for example: not eligible for auto-proxying)
2018-06-15 10:29:37.256  INFO 41456 --- [restartedMain] trationDelegate$BeanPostProcessorChecker : Bean 'org.springframework.boot.context.properties.ConversionServiceDeducer$Factory' of type [org.springframework.boot.context.properties.ConversionServiceDeducer$Factory] is not eligible for getting processed by all BeanPostProcessors (for example: not eligible for auto-proxying)
2018-06-15 10:29:37.260  INFO 41456 --- [restartedMain] trationDelegate$BeanPostProcessorChecker : Bean 'spring.cache-org.springframework.boot.autoconfigure.cache.CacheProperties' of type [org.springframework.boot.autoconfigure.cache.CacheProperties] is not eligible for getting processed by all BeanPostProcessors (for example: not eligible for auto-proxying)
2018-06-15 10:29:37.271  INFO 41456 --- [restartedMain] trationDelegate$BeanPostProcessorChecker : Bean 'cacheManagerCustomizers' of type [org.springframework.boot.autoconfigure.cache.CacheManagerCustomizers] is not eligible for getting processed by all BeanPostProcessors (for example: not eligible for auto-proxying)
2018-06-15 10:29:37.276  INFO 41456 --- [restartedMain] trationDelegate$BeanPostProcessorChecker : Bean 'org.springframework.boot.autoconfigure.cache.RedisCacheConfiguration' of type [org.springframework.boot.autoconfigure.cache.RedisCacheConfiguration$$EnhancerBySpringCGLIB$$102496b5] is not eligible for getting processed by all BeanPostProcessors (for example: not eligible for auto-proxying)
2018-06-15 10:29:37.293  INFO 41456 --- [restartedMain] trationDelegate$BeanPostProcessorChecker : Bean 'spring.redis-org.springframework.boot.autoconfigure.data.redis.RedisProperties' of type [org.springframework.boot.autoconfigure.data.redis.RedisProperties] is not eligible for getting processed by all BeanPostProcessors (for example: not eligible for auto-proxying)
2018-06-15 10:29:37.307  INFO 41456 --- [restartedMain] trationDelegate$BeanPostProcessorChecker : Bean 'org.springframework.boot.autoconfigure.data.redis.JedisConnectionConfiguration' of type [org.springframework.boot.autoconfigure.data.redis.JedisConnectionConfiguration$$EnhancerBySpringCGLIB$$c348b12e] is not eligible for getting processed by all BeanPostProcessors (for example: not eligible for auto-proxying)
2018-06-15 10:29:37.488  INFO 41456 --- [restartedMain] trationDelegate$BeanPostProcessorChecker : Bean 'redisConnectionFactory' of type [org.springframework.data.redis.connection.jedis.JedisConnectionFactory] is not eligible for getting processed by all BeanPostProcessors (for example: not eligible for auto-proxying)
2018-06-15 10:29:37.531  INFO 41456 --- [restartedMain] trationDelegate$BeanPostProcessorChecker : Bean 'cacheManager' of type [org.springframework.data.redis.cache.RedisCacheManager] is not eligible for getting processed by all BeanPostProcessors (for example: not eligible for auto-proxying)
2018-06-15 10:29:37.538  INFO 41456 --- [restartedMain] trationDelegate$BeanPostProcessorChecker : Bean 'cacheAutoConfigurationValidator' of type [org.springframework.boot.autoconfigure.cache.CacheAutoConfiguration$CacheManagerValidator] is not eligible for getting processed by all BeanPostProcessors (for example: not eligible for auto-proxying)
2018-06-15 10:29:38.741  INFO 41456 --- [restartedMain] o.s.b.w.embedded.tomcat.TomcatWebServer  : Tomcat initialized with port(s): 22222 (http)
2018-06-15 10:29:38.816  INFO 41456 --- [restartedMain] o.apache.catalina.core.StandardService   : Starting service [Tomcat]
2018-06-15 10:29:38.816  INFO 41456 --- [restartedMain] org.apache.catalina.core.StandardEngine  : Starting Servlet Engine: Apache Tomcat/8.5.28
2018-06-15 10:29:38.843  INFO 41456 --- [localhost-startStop-1] o.a.catalina.core.AprLifecycleListener   : The APR based Apache Tomcat Native library which allows optimal performance in production environments was not found on the java.library.path: [C:\Program Files\Java\jdk1.8.0_112\bin;C:\WINDOWS\Sun\Java\bin;C:\WINDOWS\system32;C:\WINDOWS;C:\WINDOWS\system32;C:\WINDOWS;C:\WINDOWS\System32\Wbem;C:\WINDOWS\System32\WindowsPowerShell\v1.0\;C:\Program Files\java_64\jdk1.8.0_121\bin\;C:\Program Files\java_64\jdk1.8.0_121\jre\bin\;Z:\work\jiang-workspace\maven\apache-maven-3.3.9\bin;F:\svn\bin;Z:\work\jiang-software\Git\cmd;Z:\work\jiang-software\Git\mingw64\bin;Z:\work\jiang-software\Git\usr\bin;Z:\work\jiang-software\mysql-5.6.24-win32\bin;Z:\work\jiang-software\python3.5.2;Z:\work\jiang-software\python3.5.2\Scripts;Z:\work\jiang-workspace\maven\apache-maven-3.3.9;Z:\work\jiang-software\clisp-2.49;C:\Program Files (x86)\Microsoft ASP.NET\ASP.NET Web Pages\v1.0\;C:\Program Files\Microsoft SQL Server\110\Tools\Binn\;C:\Android;C:\Windows\System32;Z:\work\jiang-software\nodejs\;C:\Program Files (x86)\ZeroTier\One\;C:\Program Files\Microsoft SQL Server\130\Tools\Binn\;C:\Program Files\Microsoft\Web Platform Installer\;Z:\work\jiang-servers\zookeeper-3.4.10\zookeeper-3.4.10\bin;C:\Program Files (x86)\Calibre2\;Z:\work\jiang-software\nodejs\node_modules\npm\node_modules_1;Z:\work\jiang-software\cmake-3.11.0-win64-x64\bin;C:\Program Files (x86)\Microsoft SDKs\TypeScript\1.0\;C:\Program Files\Microsoft SQL Server\120\Tools\Binn\;C:\Program Files\dotnet\;C:\Users\huayu\AppData\Local\Microsoft\WindowsApps;C:\Users\huayu\AppData\Roaming\npm;Z:\work\jiang-software\Fiddler;%USERPROFILE%\AppData\Local\Microsoft\WindowsApps;;.]
2018-06-15 10:29:39.125  INFO 41456 --- [localhost-startStop-1] o.a.c.c.C.[Tomcat].[localhost].[/]       : Initializing Spring embedded WebApplicationContext
2018-06-15 10:29:39.126  INFO 41456 --- [localhost-startStop-1] o.s.web.context.ContextLoader            : Root WebApplicationContext: initialization completed in 6443 ms
2018-06-15 10:29:39.448  INFO 41456 --- [localhost-startStop-1] o.s.b.w.servlet.FilterRegistrationBean   : Mapping filter: 'characterEncodingFilter' to: [/*]
2018-06-15 10:29:39.449  INFO 41456 --- [localhost-startStop-1] o.s.b.w.servlet.FilterRegistrationBean   : Mapping filter: 'hiddenHttpMethodFilter' to: [/*]
2018-06-15 10:29:39.449  INFO 41456 --- [localhost-startStop-1] o.s.b.w.servlet.FilterRegistrationBean   : Mapping filter: 'httpPutFormContentFilter' to: [/*]
2018-06-15 10:29:39.450  INFO 41456 --- [localhost-startStop-1] o.s.b.w.servlet.FilterRegistrationBean   : Mapping filter: 'requestContextFilter' to: [/*]
2018-06-15 10:29:39.450  INFO 41456 --- [localhost-startStop-1] o.s.b.w.servlet.FilterRegistrationBean   : Mapping filter: 'loginStatusCheckFilter' to urls: [/lawyer/*, /ajypfx/*, /recognition/*, /typesetting/*, /loginStatusValidate]
2018-06-15 10:29:39.450  INFO 41456 --- [localhost-startStop-1] o.s.b.w.servlet.ServletRegistrationBean  : Servlet dispatcherServlet mapped to [/]
2018-06-15 10:29:54.028  INFO 41456 --- [restartedMain] com.alibaba.druid.pool.DruidDataSource   : {dataSource-1} inited
2018-06-15 10:29:56.377  INFO 41456 --- [restartedMain] s.w.s.m.m.a.RequestMappingHandlerAdapter : Looking for @ControllerAdvice: org.springframework.boot.web.servlet.context.AnnotationConfigServletWebServerApplicationContext@15ba92d: startup date [Fri Jun 15 10:29:32 CST 2018]; root of context hierarchy
2018-06-15 10:29:56.557  INFO 41456 --- [restartedMain] s.w.s.m.m.a.RequestMappingHandlerMapping : Mapped "{[/api/v1/files],methods=[POST]}" onto java.lang.Object work.zhili.springboot2template.controller.FileUploadController.uploadFile(org.springframework.web.multipart.MultipartFile)
2018-06-15 10:29:56.560  INFO 41456 --- [restartedMain] s.w.s.m.m.a.RequestMappingHandlerMapping : Mapped "{[/],methods=[GET]}" onto java.lang.String work.zhili.springboot2template.controller.NavigationController.root()
2018-06-15 10:29:56.560  INFO 41456 --- [restartedMain] s.w.s.m.m.a.RequestMappingHandlerMapping : Mapped "{[/user/register],methods=[GET]}" onto java.lang.String work.zhili.springboot2template.controller.NavigationController.user()
2018-06-15 10:29:56.561  INFO 41456 --- [restartedMain] s.w.s.m.m.a.RequestMappingHandlerMapping : Mapped "{[/test/1],methods=[GET]}" onto java.lang.String work.zhili.springboot2template.controller.NavigationController.test1(javax.servlet.http.HttpServletRequest,org.springframework.web.servlet.mvc.support.RedirectAttributes)
2018-06-15 10:29:56.561  INFO 41456 --- [restartedMain] s.w.s.m.m.a.RequestMappingHandlerMapping : Mapped "{[/test/2],methods=[GET]}" onto java.lang.String work.zhili.springboot2template.controller.NavigationController.test2()
2018-06-15 10:29:56.561  INFO 41456 --- [restartedMain] s.w.s.m.m.a.RequestMappingHandlerMapping : Mapped "{[/api/v1/first/get],methods=[GET]}" onto java.lang.Object work.zhili.springboot2template.controller.TestController.firstGet()
2018-06-15 10:29:56.566  INFO 41456 --- [restartedMain] s.w.s.m.m.a.RequestMappingHandlerMapping : Mapped "{[/api/v1/users],methods=[POST]}" onto java.lang.Object work.zhili.springboot2template.controller.UserController.add(java.lang.String,java.lang.String)
2018-06-15 10:29:56.566  INFO 41456 --- [restartedMain] s.w.s.m.m.a.RequestMappingHandlerMapping : Mapped "{[/api/v1/users],methods=[PATCH]}" onto java.lang.Object work.zhili.springboot2template.controller.UserController.update(work.zhili.springboot2template.model.User)
2018-06-15 10:29:56.566  INFO 41456 --- [restartedMain] s.w.s.m.m.a.RequestMappingHandlerMapping : Mapped "{[/api/v1/users],methods=[DELETE]}" onto java.lang.Object work.zhili.springboot2template.controller.UserController.delete(java.lang.String)
2018-06-15 10:29:56.567  INFO 41456 --- [restartedMain] s.w.s.m.m.a.RequestMappingHandlerMapping : Mapped "{[/api/v1/users/{userId}],methods=[GET]}" onto org.springframework.http.ResponseEntity<work.zhili.springboot2template.model.User> work.zhili.springboot2template.controller.UserController.select(java.lang.String)
2018-06-15 10:29:56.567  INFO 41456 --- [restartedMain] s.w.s.m.m.a.RequestMappingHandlerMapping : Mapped "{[/api/v1/users],methods=[GET]}" onto java.lang.Object work.zhili.springboot2template.controller.UserController.queryAll()
2018-06-15 10:29:56.570  INFO 41456 --- [restartedMain] s.w.s.m.m.a.RequestMappingHandlerMapping : Mapped "{[/error]}" onto public org.springframework.http.ResponseEntity<java.util.Map<java.lang.String, java.lang.Object>> org.springframework.boot.autoconfigure.web.servlet.error.BasicErrorController.error(javax.servlet.http.HttpServletRequest)
2018-06-15 10:29:56.571  INFO 41456 --- [restartedMain] s.w.s.m.m.a.RequestMappingHandlerMapping : Mapped "{[/error],produces=[text/html]}" onto public org.springframework.web.servlet.ModelAndView org.springframework.boot.autoconfigure.web.servlet.error.BasicErrorController.errorHtml(javax.servlet.http.HttpServletRequest,javax.servlet.http.HttpServletResponse)
2018-06-15 10:29:56.741  INFO 41456 --- [restartedMain] o.s.w.s.handler.SimpleUrlHandlerMapping  : Mapped URL path [/webjars/**] onto handler of type [class org.springframework.web.servlet.resource.ResourceHttpRequestHandler]
2018-06-15 10:29:56.741  INFO 41456 --- [restartedMain] o.s.w.s.handler.SimpleUrlHandlerMapping  : Mapped URL path [/**] onto handler of type [class org.springframework.web.servlet.resource.ResourceHttpRequestHandler]
2018-06-15 10:29:56.811  INFO 41456 --- [restartedMain] .m.m.a.ExceptionHandlerExceptionResolver : Detected @ExceptionHandler methods in controllerExceptionHandler
2018-06-15 10:29:57.002  INFO 41456 --- [restartedMain] o.s.w.s.handler.SimpleUrlHandlerMapping  : Mapped URL path [/**/favicon.ico] onto handler of type [class org.springframework.web.servlet.resource.ResourceHttpRequestHandler]
2018-06-15 10:29:57.108  WARN 41456 --- [restartedMain] org.thymeleaf.templatemode.TemplateMode  : [THYMELEAF][restartedMain] Template Mode 'LEGACYHTML5' is deprecated. Using Template Mode 'HTML' instead.
2018-06-15 10:29:57.264  INFO 41456 --- [restartedMain] o.s.b.a.w.s.WelcomePageHandlerMapping    : Adding welcome page template: index
2018-06-15 10:29:58.104  INFO 41456 --- [restartedMain] o.s.b.d.a.OptionalLiveReloadServer       : LiveReload server is running on port 35729
2018-06-15 10:29:58.116  WARN 41456 --- [restartedMain] arterDeprecationWarningAutoConfiguration : spring-boot-starter-redis is deprecated as of Spring Boot 1.4, please migrate to spring-boot-starter-data-redis
2018-06-15 10:29:58.373  INFO 41456 --- [restartedMain] o.s.j.e.a.AnnotationMBeanExporter        : Registering beans for JMX exposure on startup
2018-06-15 10:29:58.374  INFO 41456 --- [restartedMain] o.s.j.e.a.AnnotationMBeanExporter        : Bean with name 'dataSource' has been autodetected for JMX exposure
2018-06-15 10:29:58.382  INFO 41456 --- [restartedMain] o.s.j.e.a.AnnotationMBeanExporter        : Located MBean 'dataSource': registering with JMX server as MBean [com.alibaba.druid.pool:name=dataSource,type=DruidDataSource]
2018-06-15 10:29:58.584  INFO 41456 --- [restartedMain] o.s.b.w.embedded.tomcat.TomcatWebServer  : Tomcat started on port(s): 22222 (http) with context path ''
2018-06-15 10:29:58.626  INFO 41456 --- [restartedMain] w.zhili.springboot2template.Application  : Started Application in 27.956 seconds (JVM running for 29.921)
2018-06-15 10:29:58.629  INFO 41456 --- [restartedMain] w.zhili.springboot2template.Application  : application was started in 27965 ms ...
2018-06-15 10:31:29.570  INFO 41456 --- [http-nio-22222-exec-1] o.a.c.c.C.[Tomcat].[localhost].[/]       : Initializing Spring FrameworkServlet 'dispatcherServlet'
2018-06-15 10:31:29.570  INFO 41456 --- [http-nio-22222-exec-1] o.s.web.servlet.DispatcherServlet        : FrameworkServlet 'dispatcherServlet': initialization started
2018-06-15 10:31:29.602  INFO 41456 --- [http-nio-22222-exec-1] o.s.web.servlet.DispatcherServlet        : FrameworkServlet 'dispatcherServlet': initialization completed in 32 ms
2018-06-15 10:31:49.013  INFO 41456 --- [http-nio-22222-exec-4] w.z.s.c.aspect.RestControllerLogAspect   : Request start --- requester:null, method: UserController.add, params: [xihaha, xihaha], IP: 0:0:0:0:0:0:0:1, callSource: , appVersion: , apiVersion: , userAgent: PostmanRuntime/6.4.1
2018-06-15 10:31:50.710  INFO 41456 --- [http-nio-22222-exec-4] w.z.s.c.aspect.RestControllerLogAspect   : Request end --- requester: null, method: UserController.add, params: [xihaha, xihaha], response: work.zhili.springboot2template.core.http.response.Response@14b373a, cost 1696 millis 
2018-06-15 10:32:19.625  INFO 41456 --- [http-nio-22222-exec-5] w.z.s.c.aspect.RestControllerLogAspect   : Request start --- requester:null, method: UserController.update, params: [work.zhili.springboot2template.model.User@b4242e], IP: 0:0:0:0:0:0:0:1, callSource: , appVersion: , apiVersion: , userAgent: PostmanRuntime/6.4.1
2018-06-15 10:32:21.034  INFO 41456 --- [http-nio-22222-exec-5] w.z.s.c.aspect.RestControllerLogAspect   : Request end --- requester: null, method: UserController.update, params: [work.zhili.springboot2template.model.User@b4242e], response: work.zhili.springboot2template.core.http.response.Response@14b373a, cost 1409 millis 
2018-06-15 10:32:29.939  INFO 41456 --- [http-nio-22222-exec-6] w.z.s.c.aspect.RestControllerLogAspect   : Request start --- requester:null, method: UserController.update, params: [work.zhili.springboot2template.model.User@16f1696], IP: 0:0:0:0:0:0:0:1, callSource: , appVersion: , apiVersion: , userAgent: PostmanRuntime/6.4.1
2018-06-15 10:32:31.376  INFO 41456 --- [http-nio-22222-exec-6] w.z.s.c.aspect.RestControllerLogAspect   : Request end --- requester: null, method: UserController.update, params: [work.zhili.springboot2template.model.User@16f1696], response: work.zhili.springboot2template.core.http.response.Response@14b373a, cost 1436 millis 
2018-06-15 10:33:58.231  INFO 41456 --- [Thread-49] ConfigServletWebServerApplicationContext : Closing org.springframework.boot.web.servlet.context.AnnotationConfigServletWebServerApplicationContext@15ba92d: startup date [Fri Jun 15 10:29:32 CST 2018]; root of context hierarchy
2018-06-15 10:33:58.235  INFO 41456 --- [Thread-49] o.s.j.e.a.AnnotationMBeanExporter        : Unregistering JMX-exposed beans on shutdown
2018-06-15 10:33:58.239  INFO 41456 --- [Thread-49] o.s.j.e.a.AnnotationMBeanExporter        : Unregistering JMX-exposed beans
2018-06-15 10:33:58.253  INFO 41456 --- [Thread-49] com.alibaba.druid.pool.DruidDataSource   : {dataSource-1} closed
2018-06-15 10:33:58.584  INFO 41456 --- [restartedMain] w.zhili.springboot2template.Application  : Starting Application on chile with PID 41456 (Z:\work\jiang-intellij-workspace\codes\java-web\srpingboot2\springboot2-template\server\target\classes started by Zhili in Z:\work\jiang-intellij-workspace\codes\java-web\srpingboot2\springboot2-template\server)
2018-06-15 10:33:58.585  INFO 41456 --- [restartedMain] w.zhili.springboot2template.Application  : No active profile set, falling back to default profiles: default
2018-06-15 10:33:58.590  INFO 41456 --- [restartedMain] ConfigServletWebServerApplicationContext : Refreshing org.springframework.boot.web.servlet.context.AnnotationConfigServletWebServerApplicationContext@173a49: startup date [Fri Jun 15 10:33:58 CST 2018]; root of context hierarchy
2018-06-15 10:33:59.281  INFO 41456 --- [restartedMain] .s.d.r.c.RepositoryConfigurationDelegate : Multiple Spring Data modules found, entering strict repository configuration mode!
2018-06-15 10:33:59.703  INFO 41456 --- [restartedMain] trationDelegate$BeanPostProcessorChecker : Bean 'org.springframework.transaction.annotation.ProxyTransactionManagementConfiguration' of type [org.springframework.transaction.annotation.ProxyTransactionManagementConfiguration$$EnhancerBySpringCGLIB$$220cff99] is not eligible for getting processed by all BeanPostProcessors (for example: not eligible for auto-proxying)
2018-06-15 10:33:59.722  INFO 41456 --- [restartedMain] trationDelegate$BeanPostProcessorChecker : Bean 'org.springframework.cache.annotation.ProxyCachingConfiguration' of type [org.springframework.cache.annotation.ProxyCachingConfiguration$$EnhancerBySpringCGLIB$$6b1f35b7] is not eligible for getting processed by all BeanPostProcessors (for example: not eligible for auto-proxying)
2018-06-15 10:33:59.733  INFO 41456 --- [restartedMain] trationDelegate$BeanPostProcessorChecker : Bean 'org.springframework.boot.autoconfigure.cache.CacheAutoConfiguration' of type [org.springframework.boot.autoconfigure.cache.CacheAutoConfiguration$$EnhancerBySpringCGLIB$$5f92fa5b] is not eligible for getting processed by all BeanPostProcessors (for example: not eligible for auto-proxying)
2018-06-15 10:33:59.743  INFO 41456 --- [restartedMain] trationDelegate$BeanPostProcessorChecker : Bean 'org.springframework.boot.context.properties.ConversionServiceDeducer$Factory' of type [org.springframework.boot.context.properties.ConversionServiceDeducer$Factory] is not eligible for getting processed by all BeanPostProcessors (for example: not eligible for auto-proxying)
2018-06-15 10:33:59.748  INFO 41456 --- [restartedMain] trationDelegate$BeanPostProcessorChecker : Bean 'spring.cache-org.springframework.boot.autoconfigure.cache.CacheProperties' of type [org.springframework.boot.autoconfigure.cache.CacheProperties] is not eligible for getting processed by all BeanPostProcessors (for example: not eligible for auto-proxying)
2018-06-15 10:33:59.756  INFO 41456 --- [restartedMain] trationDelegate$BeanPostProcessorChecker : Bean 'cacheManagerCustomizers' of type [org.springframework.boot.autoconfigure.cache.CacheManagerCustomizers] is not eligible for getting processed by all BeanPostProcessors (for example: not eligible for auto-proxying)
2018-06-15 10:33:59.759  INFO 41456 --- [restartedMain] trationDelegate$BeanPostProcessorChecker : Bean 'org.springframework.boot.autoconfigure.cache.RedisCacheConfiguration' of type [org.springframework.boot.autoconfigure.cache.RedisCacheConfiguration$$EnhancerBySpringCGLIB$$102496b5] is not eligible for getting processed by all BeanPostProcessors (for example: not eligible for auto-proxying)
2018-06-15 10:33:59.768  INFO 41456 --- [restartedMain] trationDelegate$BeanPostProcessorChecker : Bean 'spring.redis-org.springframework.boot.autoconfigure.data.redis.RedisProperties' of type [org.springframework.boot.autoconfigure.data.redis.RedisProperties] is not eligible for getting processed by all BeanPostProcessors (for example: not eligible for auto-proxying)
2018-06-15 10:33:59.775  INFO 41456 --- [restartedMain] trationDelegate$BeanPostProcessorChecker : Bean 'org.springframework.boot.autoconfigure.data.redis.JedisConnectionConfiguration' of type [org.springframework.boot.autoconfigure.data.redis.JedisConnectionConfiguration$$EnhancerBySpringCGLIB$$c348b12e] is not eligible for getting processed by all BeanPostProcessors (for example: not eligible for auto-proxying)
2018-06-15 10:33:59.782  INFO 41456 --- [restartedMain] trationDelegate$BeanPostProcessorChecker : Bean 'redisConnectionFactory' of type [org.springframework.data.redis.connection.jedis.JedisConnectionFactory] is not eligible for getting processed by all BeanPostProcessors (for example: not eligible for auto-proxying)
2018-06-15 10:33:59.793  INFO 41456 --- [restartedMain] trationDelegate$BeanPostProcessorChecker : Bean 'cacheManager' of type [org.springframework.data.redis.cache.RedisCacheManager] is not eligible for getting processed by all BeanPostProcessors (for example: not eligible for auto-proxying)
2018-06-15 10:33:59.798  INFO 41456 --- [restartedMain] trationDelegate$BeanPostProcessorChecker : Bean 'cacheAutoConfigurationValidator' of type [org.springframework.boot.autoconfigure.cache.CacheAutoConfiguration$CacheManagerValidator] is not eligible for getting processed by all BeanPostProcessors (for example: not eligible for auto-proxying)
2018-06-15 10:34:00.026  INFO 41456 --- [restartedMain] o.s.b.w.embedded.tomcat.TomcatWebServer  : Tomcat initialized with port(s): 22222 (http)
2018-06-15 10:34:00.027  INFO 41456 --- [restartedMain] o.apache.catalina.core.StandardService   : Starting service [Tomcat]
2018-06-15 10:34:00.027  INFO 41456 --- [restartedMain] org.apache.catalina.core.StandardEngine  : Starting Servlet Engine: Apache Tomcat/8.5.28
2018-06-15 10:34:00.054  INFO 41456 --- [localhost-startStop-1] o.a.c.c.C.[Tomcat].[localhost].[/]       : Initializing Spring embedded WebApplicationContext
2018-06-15 10:34:00.055  INFO 41456 --- [localhost-startStop-1] o.s.web.context.ContextLoader            : Root WebApplicationContext: initialization completed in 1465 ms
2018-06-15 10:34:00.229  INFO 41456 --- [localhost-startStop-1] o.s.b.w.servlet.FilterRegistrationBean   : Mapping filter: 'characterEncodingFilter' to: [/*]
2018-06-15 10:34:00.230  INFO 41456 --- [localhost-startStop-1] o.s.b.w.servlet.FilterRegistrationBean   : Mapping filter: 'hiddenHttpMethodFilter' to: [/*]
2018-06-15 10:34:00.230  INFO 41456 --- [localhost-startStop-1] o.s.b.w.servlet.FilterRegistrationBean   : Mapping filter: 'httpPutFormContentFilter' to: [/*]
2018-06-15 10:34:00.230  INFO 41456 --- [localhost-startStop-1] o.s.b.w.servlet.FilterRegistrationBean   : Mapping filter: 'requestContextFilter' to: [/*]
2018-06-15 10:34:00.230  INFO 41456 --- [localhost-startStop-1] o.s.b.w.servlet.FilterRegistrationBean   : Mapping filter: 'loginStatusCheckFilter' to urls: [/lawyer/*, /ajypfx/*, /recognition/*, /typesetting/*, /loginStatusValidate]
2018-06-15 10:34:00.230  INFO 41456 --- [localhost-startStop-1] o.s.b.w.servlet.ServletRegistrationBean  : Servlet dispatcherServlet mapped to [/]
2018-06-15 10:34:11.889  INFO 41456 --- [restartedMain] com.alibaba.druid.pool.DruidDataSource   : {dataSource-2} inited
2018-06-15 10:34:12.725  INFO 41456 --- [restartedMain] s.w.s.m.m.a.RequestMappingHandlerAdapter : Looking for @ControllerAdvice: org.springframework.boot.web.servlet.context.AnnotationConfigServletWebServerApplicationContext@173a49: startup date [Fri Jun 15 10:33:58 CST 2018]; root of context hierarchy
2018-06-15 10:34:12.798  INFO 41456 --- [restartedMain] s.w.s.m.m.a.RequestMappingHandlerMapping : Mapped "{[/api/v1/files],methods=[POST]}" onto java.lang.Object work.zhili.springboot2template.controller.FileUploadController.uploadFile(org.springframework.web.multipart.MultipartFile)
2018-06-15 10:34:12.799  INFO 41456 --- [restartedMain] s.w.s.m.m.a.RequestMappingHandlerMapping : Mapped "{[/],methods=[GET]}" onto java.lang.String work.zhili.springboot2template.controller.NavigationController.root()
2018-06-15 10:34:12.799  INFO 41456 --- [restartedMain] s.w.s.m.m.a.RequestMappingHandlerMapping : Mapped "{[/user/register],methods=[GET]}" onto java.lang.String work.zhili.springboot2template.controller.NavigationController.user()
2018-06-15 10:34:12.800  INFO 41456 --- [restartedMain] s.w.s.m.m.a.RequestMappingHandlerMapping : Mapped "{[/test/1],methods=[GET]}" onto java.lang.String work.zhili.springboot2template.controller.NavigationController.test1(javax.servlet.http.HttpServletRequest,org.springframework.web.servlet.mvc.support.RedirectAttributes)
2018-06-15 10:34:12.800  INFO 41456 --- [restartedMain] s.w.s.m.m.a.RequestMappingHandlerMapping : Mapped "{[/test/2],methods=[GET]}" onto java.lang.String work.zhili.springboot2template.controller.NavigationController.test2()
2018-06-15 10:34:12.800  INFO 41456 --- [restartedMain] s.w.s.m.m.a.RequestMappingHandlerMapping : Mapped "{[/api/v1/first/get],methods=[GET]}" onto java.lang.Object work.zhili.springboot2template.controller.TestController.firstGet()
2018-06-15 10:34:12.803  INFO 41456 --- [restartedMain] s.w.s.m.m.a.RequestMappingHandlerMapping : Mapped "{[/api/v1/users],methods=[POST]}" onto java.lang.Object work.zhili.springboot2template.controller.UserController.add(java.lang.String,java.lang.String)
2018-06-15 10:34:12.803  INFO 41456 --- [restartedMain] s.w.s.m.m.a.RequestMappingHandlerMapping : Mapped "{[/api/v1/users],methods=[PATCH]}" onto java.lang.Object work.zhili.springboot2template.controller.UserController.update(work.zhili.springboot2template.model.User)
2018-06-15 10:34:12.803  INFO 41456 --- [restartedMain] s.w.s.m.m.a.RequestMappingHandlerMapping : Mapped "{[/api/v1/users],methods=[DELETE]}" onto java.lang.Object work.zhili.springboot2template.controller.UserController.delete(java.lang.String)
2018-06-15 10:34:12.803  INFO 41456 --- [restartedMain] s.w.s.m.m.a.RequestMappingHandlerMapping : Mapped "{[/api/v1/users/{userId}],methods=[GET]}" onto org.springframework.http.ResponseEntity<work.zhili.springboot2template.model.User> work.zhili.springboot2template.controller.UserController.select(java.lang.String)
2018-06-15 10:34:12.804  INFO 41456 --- [restartedMain] s.w.s.m.m.a.RequestMappingHandlerMapping : Mapped "{[/api/v1/users],methods=[GET]}" onto java.lang.Object work.zhili.springboot2template.controller.UserController.queryAll()
2018-06-15 10:34:12.807  INFO 41456 --- [restartedMain] s.w.s.m.m.a.RequestMappingHandlerMapping : Mapped "{[/error]}" onto public org.springframework.http.ResponseEntity<java.util.Map<java.lang.String, java.lang.Object>> org.springframework.boot.autoconfigure.web.servlet.error.BasicErrorController.error(javax.servlet.http.HttpServletRequest)
2018-06-15 10:34:12.808  INFO 41456 --- [restartedMain] s.w.s.m.m.a.RequestMappingHandlerMapping : Mapped "{[/error],produces=[text/html]}" onto public org.springframework.web.servlet.ModelAndView org.springframework.boot.autoconfigure.web.servlet.error.BasicErrorController.errorHtml(javax.servlet.http.HttpServletRequest,javax.servlet.http.HttpServletResponse)
2018-06-15 10:34:12.922  INFO 41456 --- [restartedMain] o.s.w.s.handler.SimpleUrlHandlerMapping  : Mapped URL path [/webjars/**] onto handler of type [class org.springframework.web.servlet.resource.ResourceHttpRequestHandler]
2018-06-15 10:34:12.922  INFO 41456 --- [restartedMain] o.s.w.s.handler.SimpleUrlHandlerMapping  : Mapped URL path [/**] onto handler of type [class org.springframework.web.servlet.resource.ResourceHttpRequestHandler]
2018-06-15 10:34:12.972  INFO 41456 --- [restartedMain] .m.m.a.ExceptionHandlerExceptionResolver : Detected @ExceptionHandler methods in controllerExceptionHandler
2018-06-15 10:34:13.020  INFO 41456 --- [restartedMain] o.s.w.s.handler.SimpleUrlHandlerMapping  : Mapped URL path [/**/favicon.ico] onto handler of type [class org.springframework.web.servlet.resource.ResourceHttpRequestHandler]
2018-06-15 10:34:13.079  WARN 41456 --- [restartedMain] org.thymeleaf.templatemode.TemplateMode  : [THYMELEAF][restartedMain] Template Mode 'LEGACYHTML5' is deprecated. Using Template Mode 'HTML' instead.
2018-06-15 10:34:13.155  INFO 41456 --- [restartedMain] o.s.b.a.w.s.WelcomePageHandlerMapping    : Adding welcome page template: index
2018-06-15 10:34:13.416  INFO 41456 --- [restartedMain] o.s.b.d.a.OptionalLiveReloadServer       : LiveReload server is running on port 35729
2018-06-15 10:34:13.422  WARN 41456 --- [restartedMain] arterDeprecationWarningAutoConfiguration : spring-boot-starter-redis is deprecated as of Spring Boot 1.4, please migrate to spring-boot-starter-data-redis
2018-06-15 10:34:13.642  INFO 41456 --- [restartedMain] o.s.j.e.a.AnnotationMBeanExporter        : Registering beans for JMX exposure on startup
2018-06-15 10:34:13.642  INFO 41456 --- [restartedMain] o.s.j.e.a.AnnotationMBeanExporter        : Bean with name 'dataSource' has been autodetected for JMX exposure
2018-06-15 10:34:13.647  INFO 41456 --- [restartedMain] o.s.j.e.a.AnnotationMBeanExporter        : Located MBean 'dataSource': registering with JMX server as MBean [com.alibaba.druid.pool:name=dataSource,type=DruidDataSource]
2018-06-15 10:34:13.662  INFO 41456 --- [restartedMain] o.s.b.w.embedded.tomcat.TomcatWebServer  : Tomcat started on port(s): 22222 (http) with context path ''
2018-06-15 10:34:13.663  INFO 41456 --- [restartedMain] w.zhili.springboot2template.Application  : Started Application in 15.141 seconds (JVM running for 284.954)
2018-06-15 10:34:13.668  INFO 41456 --- [restartedMain] .ConditionEvaluationDeltaLoggingListener : Condition evaluation unchanged
2018-06-15 10:34:13.668  INFO 41456 --- [restartedMain] w.zhili.springboot2template.Application  : application was started in 15151 ms ...
2018-06-15 10:34:20.504  INFO 41456 --- [http-nio-22222-exec-2] o.a.c.c.C.[Tomcat].[localhost].[/]       : Initializing Spring FrameworkServlet 'dispatcherServlet'
2018-06-15 10:34:20.504  INFO 41456 --- [http-nio-22222-exec-2] o.s.web.servlet.DispatcherServlet        : FrameworkServlet 'dispatcherServlet': initialization started
2018-06-15 10:34:20.517  INFO 41456 --- [http-nio-22222-exec-2] o.s.web.servlet.DispatcherServlet        : FrameworkServlet 'dispatcherServlet': initialization completed in 12 ms
2018-06-15 10:34:20.521  INFO 41456 --- [http-nio-22222-exec-2] w.z.s.c.aspect.RestControllerLogAspect   : Request start --- requester:null, method: UserController.update, params: [work.zhili.springboot2template.model.User@1ac37d0], IP: 0:0:0:0:0:0:0:1, callSource: , appVersion: , apiVersion: , userAgent: PostmanRuntime/6.4.1
2018-06-15 10:34:21.976  INFO 41456 --- [http-nio-22222-exec-2] w.z.s.c.aspect.RestControllerLogAspect   : Request end --- requester: null, method: UserController.update, params: [work.zhili.springboot2template.model.User@1ac37d0], response: work.zhili.springboot2template.core.http.response.Response@166195a, cost 1454 millis 
2018-06-15 10:38:10.653  INFO 41456 --- [Thread-58] ConfigServletWebServerApplicationContext : Closing org.springframework.boot.web.servlet.context.AnnotationConfigServletWebServerApplicationContext@173a49: startup date [Fri Jun 15 10:33:58 CST 2018]; root of context hierarchy
2018-06-15 10:38:10.656  INFO 41456 --- [Thread-58] o.s.j.e.a.AnnotationMBeanExporter        : Unregistering JMX-exposed beans on shutdown
2018-06-15 10:38:10.656  INFO 41456 --- [Thread-58] o.s.j.e.a.AnnotationMBeanExporter        : Unregistering JMX-exposed beans
2018-06-15 10:38:10.661  INFO 41456 --- [Thread-58] com.alibaba.druid.pool.DruidDataSource   : {dataSource-2} closed
2018-06-15 10:38:10.994  INFO 41456 --- [restartedMain] w.zhili.springboot2template.Application  : Starting Application on chile with PID 41456 (Z:\work\jiang-intellij-workspace\codes\java-web\srpingboot2\springboot2-template\server\target\classes started by Zhili in Z:\work\jiang-intellij-workspace\codes\java-web\srpingboot2\springboot2-template\server)
2018-06-15 10:38:10.994  INFO 41456 --- [restartedMain] w.zhili.springboot2template.Application  : No active profile set, falling back to default profiles: default
2018-06-15 10:38:11.006  INFO 41456 --- [restartedMain] ConfigServletWebServerApplicationContext : Refreshing org.springframework.boot.web.servlet.context.AnnotationConfigServletWebServerApplicationContext@1e0be50: startup date [Fri Jun 15 10:38:11 CST 2018]; root of context hierarchy
2018-06-15 10:38:11.526  INFO 41456 --- [restartedMain] .s.d.r.c.RepositoryConfigurationDelegate : Multiple Spring Data modules found, entering strict repository configuration mode!
2018-06-15 10:38:11.638  INFO 41456 --- [restartedMain] trationDelegate$BeanPostProcessorChecker : Bean 'org.springframework.transaction.annotation.ProxyTransactionManagementConfiguration' of type [org.springframework.transaction.annotation.ProxyTransactionManagementConfiguration$$EnhancerBySpringCGLIB$$220cff99] is not eligible for getting processed by all BeanPostProcessors (for example: not eligible for auto-proxying)
2018-06-15 10:38:11.650  INFO 41456 --- [restartedMain] trationDelegate$BeanPostProcessorChecker : Bean 'org.springframework.cache.annotation.ProxyCachingConfiguration' of type [org.springframework.cache.annotation.ProxyCachingConfiguration$$EnhancerBySpringCGLIB$$6b1f35b7] is not eligible for getting processed by all BeanPostProcessors (for example: not eligible for auto-proxying)
2018-06-15 10:38:11.660  INFO 41456 --- [restartedMain] trationDelegate$BeanPostProcessorChecker : Bean 'org.springframework.boot.autoconfigure.cache.CacheAutoConfiguration' of type [org.springframework.boot.autoconfigure.cache.CacheAutoConfiguration$$EnhancerBySpringCGLIB$$5f92fa5b] is not eligible for getting processed by all BeanPostProcessors (for example: not eligible for auto-proxying)
2018-06-15 10:38:11.667  INFO 41456 --- [restartedMain] trationDelegate$BeanPostProcessorChecker : Bean 'org.springframework.boot.context.properties.ConversionServiceDeducer$Factory' of type [org.springframework.boot.context.properties.ConversionServiceDeducer$Factory] is not eligible for getting processed by all BeanPostProcessors (for example: not eligible for auto-proxying)
2018-06-15 10:38:11.669  INFO 41456 --- [restartedMain] trationDelegate$BeanPostProcessorChecker : Bean 'spring.cache-org.springframework.boot.autoconfigure.cache.CacheProperties' of type [org.springframework.boot.autoconfigure.cache.CacheProperties] is not eligible for getting processed by all BeanPostProcessors (for example: not eligible for auto-proxying)
2018-06-15 10:38:11.675  INFO 41456 --- [restartedMain] trationDelegate$BeanPostProcessorChecker : Bean 'cacheManagerCustomizers' of type [org.springframework.boot.autoconfigure.cache.CacheManagerCustomizers] is not eligible for getting processed by all BeanPostProcessors (for example: not eligible for auto-proxying)
2018-06-15 10:38:11.677  INFO 41456 --- [restartedMain] trationDelegate$BeanPostProcessorChecker : Bean 'org.springframework.boot.autoconfigure.cache.RedisCacheConfiguration' of type [org.springframework.boot.autoconfigure.cache.RedisCacheConfiguration$$EnhancerBySpringCGLIB$$102496b5] is not eligible for getting processed by all BeanPostProcessors (for example: not eligible for auto-proxying)
2018-06-15 10:38:11.683  INFO 41456 --- [restartedMain] trationDelegate$BeanPostProcessorChecker : Bean 'spring.redis-org.springframework.boot.autoconfigure.data.redis.RedisProperties' of type [org.springframework.boot.autoconfigure.data.redis.RedisProperties] is not eligible for getting processed by all BeanPostProcessors (for example: not eligible for auto-proxying)
2018-06-15 10:38:11.688  INFO 41456 --- [restartedMain] trationDelegate$BeanPostProcessorChecker : Bean 'org.springframework.boot.autoconfigure.data.redis.JedisConnectionConfiguration' of type [org.springframework.boot.autoconfigure.data.redis.JedisConnectionConfiguration$$EnhancerBySpringCGLIB$$c348b12e] is not eligible for getting processed by all BeanPostProcessors (for example: not eligible for auto-proxying)
2018-06-15 10:38:11.692  INFO 41456 --- [restartedMain] trationDelegate$BeanPostProcessorChecker : Bean 'redisConnectionFactory' of type [org.springframework.data.redis.connection.jedis.JedisConnectionFactory] is not eligible for getting processed by all BeanPostProcessors (for example: not eligible for auto-proxying)
2018-06-15 10:38:11.700  INFO 41456 --- [restartedMain] trationDelegate$BeanPostProcessorChecker : Bean 'cacheManager' of type [org.springframework.data.redis.cache.RedisCacheManager] is not eligible for getting processed by all BeanPostProcessors (for example: not eligible for auto-proxying)
2018-06-15 10:38:11.704  INFO 41456 --- [restartedMain] trationDelegate$BeanPostProcessorChecker : Bean 'cacheAutoConfigurationValidator' of type [org.springframework.boot.autoconfigure.cache.CacheAutoConfiguration$CacheManagerValidator] is not eligible for getting processed by all BeanPostProcessors (for example: not eligible for auto-proxying)
2018-06-15 10:38:11.862  INFO 41456 --- [restartedMain] o.s.b.w.embedded.tomcat.TomcatWebServer  : Tomcat initialized with port(s): 22222 (http)
2018-06-15 10:38:11.863  INFO 41456 --- [restartedMain] o.apache.catalina.core.StandardService   : Starting service [Tomcat]
2018-06-15 10:38:11.863  INFO 41456 --- [restartedMain] org.apache.catalina.core.StandardEngine  : Starting Servlet Engine: Apache Tomcat/8.5.28
2018-06-15 10:38:11.883  INFO 41456 --- [localhost-startStop-1] o.a.c.c.C.[Tomcat].[localhost].[/]       : Initializing Spring embedded WebApplicationContext
2018-06-15 10:38:11.883  INFO 41456 --- [localhost-startStop-1] o.s.web.context.ContextLoader            : Root WebApplicationContext: initialization completed in 877 ms
2018-06-15 10:38:12.026  INFO 41456 --- [localhost-startStop-1] o.s.b.w.servlet.FilterRegistrationBean   : Mapping filter: 'characterEncodingFilter' to: [/*]
2018-06-15 10:38:12.027  INFO 41456 --- [localhost-startStop-1] o.s.b.w.servlet.FilterRegistrationBean   : Mapping filter: 'hiddenHttpMethodFilter' to: [/*]
2018-06-15 10:38:12.027  INFO 41456 --- [localhost-startStop-1] o.s.b.w.servlet.FilterRegistrationBean   : Mapping filter: 'httpPutFormContentFilter' to: [/*]
2018-06-15 10:38:12.027  INFO 41456 --- [localhost-startStop-1] o.s.b.w.servlet.FilterRegistrationBean   : Mapping filter: 'requestContextFilter' to: [/*]
2018-06-15 10:38:12.027  INFO 41456 --- [localhost-startStop-1] o.s.b.w.servlet.FilterRegistrationBean   : Mapping filter: 'loginStatusCheckFilter' to urls: [/lawyer/*, /ajypfx/*, /recognition/*, /typesetting/*, /loginStatusValidate]
2018-06-15 10:38:12.027  INFO 41456 --- [localhost-startStop-1] o.s.b.w.servlet.ServletRegistrationBean  : Servlet dispatcherServlet mapped to [/]
2018-06-15 10:38:24.510  INFO 41456 --- [restartedMain] com.alibaba.druid.pool.DruidDataSource   : {dataSource-3} inited
2018-06-15 10:38:25.362  INFO 41456 --- [restartedMain] s.w.s.m.m.a.RequestMappingHandlerAdapter : Looking for @ControllerAdvice: org.springframework.boot.web.servlet.context.AnnotationConfigServletWebServerApplicationContext@1e0be50: startup date [Fri Jun 15 10:38:11 CST 2018]; root of context hierarchy
2018-06-15 10:38:25.431  INFO 41456 --- [restartedMain] s.w.s.m.m.a.RequestMappingHandlerMapping : Mapped "{[/api/v1/files],methods=[POST]}" onto java.lang.Object work.zhili.springboot2template.controller.FileUploadController.uploadFile(org.springframework.web.multipart.MultipartFile)
2018-06-15 10:38:25.433  INFO 41456 --- [restartedMain] s.w.s.m.m.a.RequestMappingHandlerMapping : Mapped "{[/],methods=[GET]}" onto java.lang.String work.zhili.springboot2template.controller.NavigationController.root()
2018-06-15 10:38:25.434  INFO 41456 --- [restartedMain] s.w.s.m.m.a.RequestMappingHandlerMapping : Mapped "{[/user/register],methods=[GET]}" onto java.lang.String work.zhili.springboot2template.controller.NavigationController.user()
2018-06-15 10:38:25.434  INFO 41456 --- [restartedMain] s.w.s.m.m.a.RequestMappingHandlerMapping : Mapped "{[/test/1],methods=[GET]}" onto java.lang.String work.zhili.springboot2template.controller.NavigationController.test1(javax.servlet.http.HttpServletRequest,org.springframework.web.servlet.mvc.support.RedirectAttributes)
2018-06-15 10:38:25.434  INFO 41456 --- [restartedMain] s.w.s.m.m.a.RequestMappingHandlerMapping : Mapped "{[/test/2],methods=[GET]}" onto java.lang.String work.zhili.springboot2template.controller.NavigationController.test2()
2018-06-15 10:38:25.435  INFO 41456 --- [restartedMain] s.w.s.m.m.a.RequestMappingHandlerMapping : Mapped "{[/api/v1/first/get],methods=[GET]}" onto java.lang.Object work.zhili.springboot2template.controller.TestController.firstGet()
2018-06-15 10:38:25.438  INFO 41456 --- [restartedMain] s.w.s.m.m.a.RequestMappingHandlerMapping : Mapped "{[/api/v1/users],methods=[POST]}" onto java.lang.Object work.zhili.springboot2template.controller.UserController.add(java.lang.String,java.lang.String)
2018-06-15 10:38:25.438  INFO 41456 --- [restartedMain] s.w.s.m.m.a.RequestMappingHandlerMapping : Mapped "{[/api/v1/users],methods=[PATCH]}" onto java.lang.Object work.zhili.springboot2template.controller.UserController.update(work.zhili.springboot2template.model.User)
2018-06-15 10:38:25.439  INFO 41456 --- [restartedMain] s.w.s.m.m.a.RequestMappingHandlerMapping : Mapped "{[/api/v1/users],methods=[DELETE]}" onto java.lang.Object work.zhili.springboot2template.controller.UserController.delete(java.lang.String)
2018-06-15 10:38:25.439  INFO 41456 --- [restartedMain] s.w.s.m.m.a.RequestMappingHandlerMapping : Mapped "{[/api/v1/users/{userId}],methods=[GET]}" onto org.springframework.http.ResponseEntity<work.zhili.springboot2template.model.User> work.zhili.springboot2template.controller.UserController.select(java.lang.String)
2018-06-15 10:38:25.439  INFO 41456 --- [restartedMain] s.w.s.m.m.a.RequestMappingHandlerMapping : Mapped "{[/api/v1/users],methods=[GET]}" onto java.lang.Object work.zhili.springboot2template.controller.UserController.queryAll()
2018-06-15 10:38:25.442  INFO 41456 --- [restartedMain] s.w.s.m.m.a.RequestMappingHandlerMapping : Mapped "{[/error]}" onto public org.springframework.http.ResponseEntity<java.util.Map<java.lang.String, java.lang.Object>> org.springframework.boot.autoconfigure.web.servlet.error.BasicErrorController.error(javax.servlet.http.HttpServletRequest)
2018-06-15 10:38:25.442  INFO 41456 --- [restartedMain] s.w.s.m.m.a.RequestMappingHandlerMapping : Mapped "{[/error],produces=[text/html]}" onto public org.springframework.web.servlet.ModelAndView org.springframework.boot.autoconfigure.web.servlet.error.BasicErrorController.errorHtml(javax.servlet.http.HttpServletRequest,javax.servlet.http.HttpServletResponse)
2018-06-15 10:38:25.551  INFO 41456 --- [restartedMain] o.s.w.s.handler.SimpleUrlHandlerMapping  : Mapped URL path [/webjars/**] onto handler of type [class org.springframework.web.servlet.resource.ResourceHttpRequestHandler]
2018-06-15 10:38:25.551  INFO 41456 --- [restartedMain] o.s.w.s.handler.SimpleUrlHandlerMapping  : Mapped URL path [/**] onto handler of type [class org.springframework.web.servlet.resource.ResourceHttpRequestHandler]
2018-06-15 10:38:25.597  INFO 41456 --- [restartedMain] .m.m.a.ExceptionHandlerExceptionResolver : Detected @ExceptionHandler methods in controllerExceptionHandler
2018-06-15 10:38:25.648  INFO 41456 --- [restartedMain] o.s.w.s.handler.SimpleUrlHandlerMapping  : Mapped URL path [/**/favicon.ico] onto handler of type [class org.springframework.web.servlet.resource.ResourceHttpRequestHandler]
2018-06-15 10:38:25.715  WARN 41456 --- [restartedMain] org.thymeleaf.templatemode.TemplateMode  : [THYMELEAF][restartedMain] Template Mode 'LEGACYHTML5' is deprecated. Using Template Mode 'HTML' instead.
2018-06-15 10:38:25.784  INFO 41456 --- [restartedMain] o.s.b.a.w.s.WelcomePageHandlerMapping    : Adding welcome page template: index
2018-06-15 10:38:26.029  INFO 41456 --- [restartedMain] o.s.b.d.a.OptionalLiveReloadServer       : LiveReload server is running on port 35729
2018-06-15 10:38:26.035  WARN 41456 --- [restartedMain] arterDeprecationWarningAutoConfiguration : spring-boot-starter-redis is deprecated as of Spring Boot 1.4, please migrate to spring-boot-starter-data-redis
2018-06-15 10:38:26.260  INFO 41456 --- [restartedMain] o.s.j.e.a.AnnotationMBeanExporter        : Registering beans for JMX exposure on startup
2018-06-15 10:38:26.260  INFO 41456 --- [restartedMain] o.s.j.e.a.AnnotationMBeanExporter        : Bean with name 'dataSource' has been autodetected for JMX exposure
2018-06-15 10:38:26.266  INFO 41456 --- [restartedMain] o.s.j.e.a.AnnotationMBeanExporter        : Located MBean 'dataSource': registering with JMX server as MBean [com.alibaba.druid.pool:name=dataSource,type=DruidDataSource]
2018-06-15 10:38:26.288  INFO 41456 --- [restartedMain] o.s.b.w.embedded.tomcat.TomcatWebServer  : Tomcat started on port(s): 22222 (http) with context path ''
2018-06-15 10:38:26.288  INFO 41456 --- [restartedMain] w.zhili.springboot2template.Application  : Started Application in 15.378 seconds (JVM running for 537.575)
2018-06-15 10:38:26.293  INFO 41456 --- [restartedMain] .ConditionEvaluationDeltaLoggingListener : Condition evaluation unchanged
2018-06-15 10:38:26.293  INFO 41456 --- [restartedMain] w.zhili.springboot2template.Application  : application was started in 15389 ms ...
2018-06-15 10:38:29.486  INFO 41456 --- [http-nio-22222-exec-2] o.a.c.c.C.[Tomcat].[localhost].[/]       : Initializing Spring FrameworkServlet 'dispatcherServlet'
2018-06-15 10:38:29.486  INFO 41456 --- [http-nio-22222-exec-2] o.s.web.servlet.DispatcherServlet        : FrameworkServlet 'dispatcherServlet': initialization started
2018-06-15 10:38:29.501  INFO 41456 --- [http-nio-22222-exec-2] o.s.web.servlet.DispatcherServlet        : FrameworkServlet 'dispatcherServlet': initialization completed in 15 ms
2018-06-15 10:38:29.507  INFO 41456 --- [http-nio-22222-exec-2] w.z.s.c.aspect.RestControllerLogAspect   : Request start --- requester:null, method: UserController.update, params: [work.zhili.springboot2template.model.User@122781e], IP: 0:0:0:0:0:0:0:1, callSource: , appVersion: , apiVersion: , userAgent: PostmanRuntime/6.4.1
2018-06-15 10:38:31.490  INFO 41456 --- [http-nio-22222-exec-2] w.z.s.c.aspect.RestControllerLogAspect   : Request end --- requester: null, method: UserController.update, params: [work.zhili.springboot2template.model.User@122781e], response: {code: 1, msg: 成功, detail: Operation successful., data: null}, cost 1982 millis 
2018-06-15 10:39:09.784  INFO 41456 --- [http-nio-22222-exec-5] w.z.s.c.aspect.RestControllerLogAspect   : Request start --- requester:null, method: UserController.add, params: [xihaha111, xihaha111], IP: 0:0:0:0:0:0:0:1, callSource: , appVersion: , apiVersion: , userAgent: PostmanRuntime/6.4.1
2018-06-15 10:39:11.472  INFO 41456 --- [http-nio-22222-exec-5] w.z.s.c.aspect.RestControllerLogAspect   : Request end --- requester: null, method: UserController.add, params: [xihaha111, xihaha111], response: {code: 1, msg: 成功, detail: Operation successful., data: null}, cost 1687 millis 
2018-06-15 10:39:22.268  INFO 41456 --- [http-nio-22222-exec-4] w.z.s.c.aspect.RestControllerLogAspect   : Request start --- requester:null, method: UserController.update, params: [work.zhili.springboot2template.model.User@3ed15], IP: 0:0:0:0:0:0:0:1, callSource: , appVersion: , apiVersion: , userAgent: PostmanRuntime/6.4.1
2018-06-15 10:39:23.749  INFO 41456 --- [http-nio-22222-exec-4] w.z.s.c.aspect.RestControllerLogAspect   : Request end --- requester: null, method: UserController.update, params: [work.zhili.springboot2template.model.User@3ed15], response: {code: 1, msg: 成功, detail: Operation successful., data: null}, cost 1481 millis 
2018-06-15 10:40:03.298  INFO 41456 --- [Thread-64] ConfigServletWebServerApplicationContext : Closing org.springframework.boot.web.servlet.context.AnnotationConfigServletWebServerApplicationContext@1e0be50: startup date [Fri Jun 15 10:38:11 CST 2018]; root of context hierarchy
2018-06-15 10:40:03.301  INFO 41456 --- [Thread-64] o.s.j.e.a.AnnotationMBeanExporter        : Unregistering JMX-exposed beans on shutdown
2018-06-15 10:40:03.302  INFO 41456 --- [Thread-64] o.s.j.e.a.AnnotationMBeanExporter        : Unregistering JMX-exposed beans
2018-06-15 10:40:03.307  INFO 41456 --- [Thread-64] com.alibaba.druid.pool.DruidDataSource   : {dataSource-3} closed
2018-06-15 10:40:03.617  INFO 41456 --- [restartedMain] w.zhili.springboot2template.Application  : Starting Application on chile with PID 41456 (Z:\work\jiang-intellij-workspace\codes\java-web\srpingboot2\springboot2-template\server\target\classes started by Zhili in Z:\work\jiang-intellij-workspace\codes\java-web\srpingboot2\springboot2-template\server)
2018-06-15 10:40:03.617  INFO 41456 --- [restartedMain] w.zhili.springboot2template.Application  : No active profile set, falling back to default profiles: default
2018-06-15 10:40:03.629  INFO 41456 --- [restartedMain] ConfigServletWebServerApplicationContext : Refreshing org.springframework.boot.web.servlet.context.AnnotationConfigServletWebServerApplicationContext@e9f7ea: startup date [Fri Jun 15 10:40:03 CST 2018]; root of context hierarchy
2018-06-15 10:40:04.188  INFO 41456 --- [restartedMain] .s.d.r.c.RepositoryConfigurationDelegate : Multiple Spring Data modules found, entering strict repository configuration mode!
2018-06-15 10:40:04.304  INFO 41456 --- [restartedMain] trationDelegate$BeanPostProcessorChecker : Bean 'org.springframework.transaction.annotation.ProxyTransactionManagementConfiguration' of type [org.springframework.transaction.annotation.ProxyTransactionManagementConfiguration$$EnhancerBySpringCGLIB$$220cff99] is not eligible for getting processed by all BeanPostProcessors (for example: not eligible for auto-proxying)
2018-06-15 10:40:04.317  INFO 41456 --- [restartedMain] trationDelegate$BeanPostProcessorChecker : Bean 'org.springframework.cache.annotation.ProxyCachingConfiguration' of type [org.springframework.cache.annotation.ProxyCachingConfiguration$$EnhancerBySpringCGLIB$$6b1f35b7] is not eligible for getting processed by all BeanPostProcessors (for example: not eligible for auto-proxying)
2018-06-15 10:40:04.324  INFO 41456 --- [restartedMain] trationDelegate$BeanPostProcessorChecker : Bean 'org.springframework.boot.autoconfigure.cache.CacheAutoConfiguration' of type [org.springframework.boot.autoconfigure.cache.CacheAutoConfiguration$$EnhancerBySpringCGLIB$$5f92fa5b] is not eligible for getting processed by all BeanPostProcessors (for example: not eligible for auto-proxying)
2018-06-15 10:40:04.333  INFO 41456 --- [restartedMain] trationDelegate$BeanPostProcessorChecker : Bean 'org.springframework.boot.context.properties.ConversionServiceDeducer$Factory' of type [org.springframework.boot.context.properties.ConversionServiceDeducer$Factory] is not eligible for getting processed by all BeanPostProcessors (for example: not eligible for auto-proxying)
2018-06-15 10:40:04.336  INFO 41456 --- [restartedMain] trationDelegate$BeanPostProcessorChecker : Bean 'spring.cache-org.springframework.boot.autoconfigure.cache.CacheProperties' of type [org.springframework.boot.autoconfigure.cache.CacheProperties] is not eligible for getting processed by all BeanPostProcessors (for example: not eligible for auto-proxying)
2018-06-15 10:40:04.342  INFO 41456 --- [restartedMain] trationDelegate$BeanPostProcessorChecker : Bean 'cacheManagerCustomizers' of type [org.springframework.boot.autoconfigure.cache.CacheManagerCustomizers] is not eligible for getting processed by all BeanPostProcessors (for example: not eligible for auto-proxying)
2018-06-15 10:40:04.343  INFO 41456 --- [restartedMain] trationDelegate$BeanPostProcessorChecker : Bean 'org.springframework.boot.autoconfigure.cache.RedisCacheConfiguration' of type [org.springframework.boot.autoconfigure.cache.RedisCacheConfiguration$$EnhancerBySpringCGLIB$$102496b5] is not eligible for getting processed by all BeanPostProcessors (for example: not eligible for auto-proxying)
2018-06-15 10:40:04.350  INFO 41456 --- [restartedMain] trationDelegate$BeanPostProcessorChecker : Bean 'spring.redis-org.springframework.boot.autoconfigure.data.redis.RedisProperties' of type [org.springframework.boot.autoconfigure.data.redis.RedisProperties] is not eligible for getting processed by all BeanPostProcessors (for example: not eligible for auto-proxying)
2018-06-15 10:40:04.354  INFO 41456 --- [restartedMain] trationDelegate$BeanPostProcessorChecker : Bean 'org.springframework.boot.autoconfigure.data.redis.JedisConnectionConfiguration' of type [org.springframework.boot.autoconfigure.data.redis.JedisConnectionConfiguration$$EnhancerBySpringCGLIB$$c348b12e] is not eligible for getting processed by all BeanPostProcessors (for example: not eligible for auto-proxying)
2018-06-15 10:40:04.358  INFO 41456 --- [restartedMain] trationDelegate$BeanPostProcessorChecker : Bean 'redisConnectionFactory' of type [org.springframework.data.redis.connection.jedis.JedisConnectionFactory] is not eligible for getting processed by all BeanPostProcessors (for example: not eligible for auto-proxying)
2018-06-15 10:40:04.366  INFO 41456 --- [restartedMain] trationDelegate$BeanPostProcessorChecker : Bean 'cacheManager' of type [org.springframework.data.redis.cache.RedisCacheManager] is not eligible for getting processed by all BeanPostProcessors (for example: not eligible for auto-proxying)
2018-06-15 10:40:04.370  INFO 41456 --- [restartedMain] trationDelegate$BeanPostProcessorChecker : Bean 'cacheAutoConfigurationValidator' of type [org.springframework.boot.autoconfigure.cache.CacheAutoConfiguration$CacheManagerValidator] is not eligible for getting processed by all BeanPostProcessors (for example: not eligible for auto-proxying)
2018-06-15 10:40:04.530  INFO 41456 --- [restartedMain] o.s.b.w.embedded.tomcat.TomcatWebServer  : Tomcat initialized with port(s): 22222 (http)
2018-06-15 10:40:04.532  INFO 41456 --- [restartedMain] o.apache.catalina.core.StandardService   : Starting service [Tomcat]
2018-06-15 10:40:04.532  INFO 41456 --- [restartedMain] org.apache.catalina.core.StandardEngine  : Starting Servlet Engine: Apache Tomcat/8.5.28
2018-06-15 10:40:04.554  INFO 41456 --- [localhost-startStop-1] o.a.c.c.C.[Tomcat].[localhost].[/]       : Initializing Spring embedded WebApplicationContext
2018-06-15 10:40:04.555  INFO 41456 --- [localhost-startStop-1] o.s.web.context.ContextLoader            : Root WebApplicationContext: initialization completed in 926 ms
2018-06-15 10:40:04.700  INFO 41456 --- [localhost-startStop-1] o.s.b.w.servlet.FilterRegistrationBean   : Mapping filter: 'characterEncodingFilter' to: [/*]
2018-06-15 10:40:04.700  INFO 41456 --- [localhost-startStop-1] o.s.b.w.servlet.FilterRegistrationBean   : Mapping filter: 'hiddenHttpMethodFilter' to: [/*]
2018-06-15 10:40:04.700  INFO 41456 --- [localhost-startStop-1] o.s.b.w.servlet.FilterRegistrationBean   : Mapping filter: 'httpPutFormContentFilter' to: [/*]
2018-06-15 10:40:04.701  INFO 41456 --- [localhost-startStop-1] o.s.b.w.servlet.FilterRegistrationBean   : Mapping filter: 'requestContextFilter' to: [/*]
2018-06-15 10:40:04.701  INFO 41456 --- [localhost-startStop-1] o.s.b.w.servlet.FilterRegistrationBean   : Mapping filter: 'loginStatusCheckFilter' to urls: [/lawyer/*, /ajypfx/*, /recognition/*, /typesetting/*, /loginStatusValidate]
2018-06-15 10:40:04.701  INFO 41456 --- [localhost-startStop-1] o.s.b.w.servlet.ServletRegistrationBean  : Servlet dispatcherServlet mapped to [/]
2018-06-15 10:40:16.473  INFO 41456 --- [restartedMain] com.alibaba.druid.pool.DruidDataSource   : {dataSource-4} inited
2018-06-15 10:40:17.663  INFO 41456 --- [restartedMain] s.w.s.m.m.a.RequestMappingHandlerAdapter : Looking for @ControllerAdvice: org.springframework.boot.web.servlet.context.AnnotationConfigServletWebServerApplicationContext@e9f7ea: startup date [Fri Jun 15 10:40:03 CST 2018]; root of context hierarchy
2018-06-15 10:40:17.728  INFO 41456 --- [restartedMain] s.w.s.m.m.a.RequestMappingHandlerMapping : Mapped "{[/api/v1/files],methods=[POST]}" onto java.lang.Object work.zhili.springboot2template.controller.FileUploadController.uploadFile(org.springframework.web.multipart.MultipartFile)
2018-06-15 10:40:17.729  INFO 41456 --- [restartedMain] s.w.s.m.m.a.RequestMappingHandlerMapping : Mapped "{[/],methods=[GET]}" onto java.lang.String work.zhili.springboot2template.controller.NavigationController.root()
2018-06-15 10:40:17.729  INFO 41456 --- [restartedMain] s.w.s.m.m.a.RequestMappingHandlerMapping : Mapped "{[/user/register],methods=[GET]}" onto java.lang.String work.zhili.springboot2template.controller.NavigationController.user()
2018-06-15 10:40:17.729  INFO 41456 --- [restartedMain] s.w.s.m.m.a.RequestMappingHandlerMapping : Mapped "{[/test/1],methods=[GET]}" onto java.lang.String work.zhili.springboot2template.controller.NavigationController.test1(javax.servlet.http.HttpServletRequest,org.springframework.web.servlet.mvc.support.RedirectAttributes)
2018-06-15 10:40:17.730  INFO 41456 --- [restartedMain] s.w.s.m.m.a.RequestMappingHandlerMapping : Mapped "{[/test/2],methods=[GET]}" onto java.lang.String work.zhili.springboot2template.controller.NavigationController.test2()
2018-06-15 10:40:17.730  INFO 41456 --- [restartedMain] s.w.s.m.m.a.RequestMappingHandlerMapping : Mapped "{[/api/v1/first/get],methods=[GET]}" onto java.lang.Object work.zhili.springboot2template.controller.TestController.firstGet()
2018-06-15 10:40:17.731  INFO 41456 --- [restartedMain] s.w.s.m.m.a.RequestMappingHandlerMapping : Mapped "{[/api/v1/users],methods=[POST]}" onto java.lang.Object work.zhili.springboot2template.controller.UserController.add(java.lang.String,java.lang.String)
2018-06-15 10:40:17.732  INFO 41456 --- [restartedMain] s.w.s.m.m.a.RequestMappingHandlerMapping : Mapped "{[/api/v1/users],methods=[PATCH]}" onto java.lang.Object work.zhili.springboot2template.controller.UserController.update(work.zhili.springboot2template.model.User)
2018-06-15 10:40:17.732  INFO 41456 --- [restartedMain] s.w.s.m.m.a.RequestMappingHandlerMapping : Mapped "{[/api/v1/users],methods=[DELETE]}" onto java.lang.Object work.zhili.springboot2template.controller.UserController.delete(java.lang.String)
2018-06-15 10:40:17.732  INFO 41456 --- [restartedMain] s.w.s.m.m.a.RequestMappingHandlerMapping : Mapped "{[/api/v1/users/{userId}],methods=[GET]}" onto org.springframework.http.ResponseEntity<work.zhili.springboot2template.model.User> work.zhili.springboot2template.controller.UserController.select(java.lang.String)
2018-06-15 10:40:17.732  INFO 41456 --- [restartedMain] s.w.s.m.m.a.RequestMappingHandlerMapping : Mapped "{[/api/v1/users],methods=[GET]}" onto java.lang.Object work.zhili.springboot2template.controller.UserController.queryAll()
2018-06-15 10:40:17.735  INFO 41456 --- [restartedMain] s.w.s.m.m.a.RequestMappingHandlerMapping : Mapped "{[/error]}" onto public org.springframework.http.ResponseEntity<java.util.Map<java.lang.String, java.lang.Object>> org.springframework.boot.autoconfigure.web.servlet.error.BasicErrorController.error(javax.servlet.http.HttpServletRequest)
2018-06-15 10:40:17.736  INFO 41456 --- [restartedMain] s.w.s.m.m.a.RequestMappingHandlerMapping : Mapped "{[/error],produces=[text/html]}" onto public org.springframework.web.servlet.ModelAndView org.springframework.boot.autoconfigure.web.servlet.error.BasicErrorController.errorHtml(javax.servlet.http.HttpServletRequest,javax.servlet.http.HttpServletResponse)
2018-06-15 10:40:17.843  INFO 41456 --- [restartedMain] o.s.w.s.handler.SimpleUrlHandlerMapping  : Mapped URL path [/webjars/**] onto handler of type [class org.springframework.web.servlet.resource.ResourceHttpRequestHandler]
2018-06-15 10:40:17.843  INFO 41456 --- [restartedMain] o.s.w.s.handler.SimpleUrlHandlerMapping  : Mapped URL path [/**] onto handler of type [class org.springframework.web.servlet.resource.ResourceHttpRequestHandler]
2018-06-15 10:40:17.886  INFO 41456 --- [restartedMain] .m.m.a.ExceptionHandlerExceptionResolver : Detected @ExceptionHandler methods in controllerExceptionHandler
2018-06-15 10:40:17.929  INFO 41456 --- [restartedMain] o.s.w.s.handler.SimpleUrlHandlerMapping  : Mapped URL path [/**/favicon.ico] onto handler of type [class org.springframework.web.servlet.resource.ResourceHttpRequestHandler]
2018-06-15 10:40:17.989  WARN 41456 --- [restartedMain] org.thymeleaf.templatemode.TemplateMode  : [THYMELEAF][restartedMain] Template Mode 'LEGACYHTML5' is deprecated. Using Template Mode 'HTML' instead.
2018-06-15 10:40:18.066  INFO 41456 --- [restartedMain] o.s.b.a.w.s.WelcomePageHandlerMapping    : Adding welcome page template: index
2018-06-15 10:40:18.303  INFO 41456 --- [restartedMain] o.s.b.d.a.OptionalLiveReloadServer       : LiveReload server is running on port 35729
2018-06-15 10:40:18.308  WARN 41456 --- [restartedMain] arterDeprecationWarningAutoConfiguration : spring-boot-starter-redis is deprecated as of Spring Boot 1.4, please migrate to spring-boot-starter-data-redis
2018-06-15 10:40:18.543  INFO 41456 --- [restartedMain] o.s.j.e.a.AnnotationMBeanExporter        : Registering beans for JMX exposure on startup
2018-06-15 10:40:18.544  INFO 41456 --- [restartedMain] o.s.j.e.a.AnnotationMBeanExporter        : Bean with name 'dataSource' has been autodetected for JMX exposure
2018-06-15 10:40:18.549  INFO 41456 --- [restartedMain] o.s.j.e.a.AnnotationMBeanExporter        : Located MBean 'dataSource': registering with JMX server as MBean [com.alibaba.druid.pool:name=dataSource,type=DruidDataSource]
2018-06-15 10:40:18.593  INFO 41456 --- [restartedMain] o.s.b.w.embedded.tomcat.TomcatWebServer  : Tomcat started on port(s): 22222 (http) with context path ''
2018-06-15 10:40:18.594  INFO 41456 --- [restartedMain] w.zhili.springboot2template.Application  : Started Application in 15.053 seconds (JVM running for 649.877)
2018-06-15 10:40:18.596  INFO 41456 --- [restartedMain] .ConditionEvaluationDeltaLoggingListener : Condition evaluation unchanged
2018-06-15 10:40:18.596  INFO 41456 --- [restartedMain] w.zhili.springboot2template.Application  : application was started in 15064 ms ...
2018-06-15 10:40:21.070  INFO 41456 --- [http-nio-22222-exec-2] o.a.c.c.C.[Tomcat].[localhost].[/]       : Initializing Spring FrameworkServlet 'dispatcherServlet'
2018-06-15 10:40:21.070  INFO 41456 --- [http-nio-22222-exec-2] o.s.web.servlet.DispatcherServlet        : FrameworkServlet 'dispatcherServlet': initialization started
2018-06-15 10:40:21.082  INFO 41456 --- [http-nio-22222-exec-2] o.s.web.servlet.DispatcherServlet        : FrameworkServlet 'dispatcherServlet': initialization completed in 12 ms
2018-06-15 10:40:21.087  INFO 41456 --- [http-nio-22222-exec-2] w.z.s.c.aspect.RestControllerLogAspect   : [Request start] --- requester:null, method: UserController.update, params: [work.zhili.springboot2template.model.User@6d398], IP: 0:0:0:0:0:0:0:1, callSource: , appVersion: , apiVersion: , userAgent: PostmanRuntime/6.4.1
2018-06-15 10:40:22.575  INFO 41456 --- [http-nio-22222-exec-2] w.z.s.c.aspect.RestControllerLogAspect   : [Request   end] --- requester: null, method: UserController.update, params: [work.zhili.springboot2template.model.User@6d398], response: {code: 1, msg: 成功, detail: Operation successful., data: null}, cost 1488 millis 
2018-06-15 10:42:57.960  INFO 41456 --- [Thread-70] ConfigServletWebServerApplicationContext : Closing org.springframework.boot.web.servlet.context.AnnotationConfigServletWebServerApplicationContext@e9f7ea: startup date [Fri Jun 15 10:40:03 CST 2018]; root of context hierarchy
2018-06-15 10:42:57.963  INFO 41456 --- [Thread-70] o.s.j.e.a.AnnotationMBeanExporter        : Unregistering JMX-exposed beans on shutdown
2018-06-15 10:42:57.964  INFO 41456 --- [Thread-70] o.s.j.e.a.AnnotationMBeanExporter        : Unregistering JMX-exposed beans
2018-06-15 10:42:57.969  INFO 41456 --- [Thread-70] com.alibaba.druid.pool.DruidDataSource   : {dataSource-4} closed
2018-06-15 10:42:58.312  INFO 41456 --- [restartedMain] w.zhili.springboot2template.Application  : Starting Application on chile with PID 41456 (Z:\work\jiang-intellij-workspace\codes\java-web\srpingboot2\springboot2-template\server\target\classes started by Zhili in Z:\work\jiang-intellij-workspace\codes\java-web\srpingboot2\springboot2-template\server)
2018-06-15 10:42:58.313  INFO 41456 --- [restartedMain] w.zhili.springboot2template.Application  : No active profile set, falling back to default profiles: default
2018-06-15 10:42:58.322  INFO 41456 --- [restartedMain] ConfigServletWebServerApplicationContext : Refreshing org.springframework.boot.web.servlet.context.AnnotationConfigServletWebServerApplicationContext@cd54a2: startup date [Fri Jun 15 10:42:58 CST 2018]; root of context hierarchy
2018-06-15 10:42:58.989  INFO 41456 --- [restartedMain] .s.d.r.c.RepositoryConfigurationDelegate : Multiple Spring Data modules found, entering strict repository configuration mode!
2018-06-15 10:42:59.106  INFO 41456 --- [restartedMain] trationDelegate$BeanPostProcessorChecker : Bean 'org.springframework.transaction.annotation.ProxyTransactionManagementConfiguration' of type [org.springframework.transaction.annotation.ProxyTransactionManagementConfiguration$$EnhancerBySpringCGLIB$$220cff99] is not eligible for getting processed by all BeanPostProcessors (for example: not eligible for auto-proxying)
2018-06-15 10:42:59.120  INFO 41456 --- [restartedMain] trationDelegate$BeanPostProcessorChecker : Bean 'org.springframework.cache.annotation.ProxyCachingConfiguration' of type [org.springframework.cache.annotation.ProxyCachingConfiguration$$EnhancerBySpringCGLIB$$6b1f35b7] is not eligible for getting processed by all BeanPostProcessors (for example: not eligible for auto-proxying)
2018-06-15 10:42:59.126  INFO 41456 --- [restartedMain] trationDelegate$BeanPostProcessorChecker : Bean 'org.springframework.boot.autoconfigure.cache.CacheAutoConfiguration' of type [org.springframework.boot.autoconfigure.cache.CacheAutoConfiguration$$EnhancerBySpringCGLIB$$5f92fa5b] is not eligible for getting processed by all BeanPostProcessors (for example: not eligible for auto-proxying)
2018-06-15 10:42:59.133  INFO 41456 --- [restartedMain] trationDelegate$BeanPostProcessorChecker : Bean 'org.springframework.boot.context.properties.ConversionServiceDeducer$Factory' of type [org.springframework.boot.context.properties.ConversionServiceDeducer$Factory] is not eligible for getting processed by all BeanPostProcessors (for example: not eligible for auto-proxying)
2018-06-15 10:42:59.135  INFO 41456 --- [restartedMain] trationDelegate$BeanPostProcessorChecker : Bean 'spring.cache-org.springframework.boot.autoconfigure.cache.CacheProperties' of type [org.springframework.boot.autoconfigure.cache.CacheProperties] is not eligible for getting processed by all BeanPostProcessors (for example: not eligible for auto-proxying)
2018-06-15 10:42:59.140  INFO 41456 --- [restartedMain] trationDelegate$BeanPostProcessorChecker : Bean 'cacheManagerCustomizers' of type [org.springframework.boot.autoconfigure.cache.CacheManagerCustomizers] is not eligible for getting processed by all BeanPostProcessors (for example: not eligible for auto-proxying)
2018-06-15 10:42:59.142  INFO 41456 --- [restartedMain] trationDelegate$BeanPostProcessorChecker : Bean 'org.springframework.boot.autoconfigure.cache.RedisCacheConfiguration' of type [org.springframework.boot.autoconfigure.cache.RedisCacheConfiguration$$EnhancerBySpringCGLIB$$102496b5] is not eligible for getting processed by all BeanPostProcessors (for example: not eligible for auto-proxying)
2018-06-15 10:42:59.148  INFO 41456 --- [restartedMain] trationDelegate$BeanPostProcessorChecker : Bean 'spring.redis-org.springframework.boot.autoconfigure.data.redis.RedisProperties' of type [org.springframework.boot.autoconfigure.data.redis.RedisProperties] is not eligible for getting processed by all BeanPostProcessors (for example: not eligible for auto-proxying)
2018-06-15 10:42:59.152  INFO 41456 --- [restartedMain] trationDelegate$BeanPostProcessorChecker : Bean 'org.springframework.boot.autoconfigure.data.redis.JedisConnectionConfiguration' of type [org.springframework.boot.autoconfigure.data.redis.JedisConnectionConfiguration$$EnhancerBySpringCGLIB$$c348b12e] is not eligible for getting processed by all BeanPostProcessors (for example: not eligible for auto-proxying)
2018-06-15 10:42:59.157  INFO 41456 --- [restartedMain] trationDelegate$BeanPostProcessorChecker : Bean 'redisConnectionFactory' of type [org.springframework.data.redis.connection.jedis.JedisConnectionFactory] is not eligible for getting processed by all BeanPostProcessors (for example: not eligible for auto-proxying)
2018-06-15 10:42:59.164  INFO 41456 --- [restartedMain] trationDelegate$BeanPostProcessorChecker : Bean 'cacheManager' of type [org.springframework.data.redis.cache.RedisCacheManager] is not eligible for getting processed by all BeanPostProcessors (for example: not eligible for auto-proxying)
2018-06-15 10:42:59.168  INFO 41456 --- [restartedMain] trationDelegate$BeanPostProcessorChecker : Bean 'cacheAutoConfigurationValidator' of type [org.springframework.boot.autoconfigure.cache.CacheAutoConfiguration$CacheManagerValidator] is not eligible for getting processed by all BeanPostProcessors (for example: not eligible for auto-proxying)
2018-06-15 10:42:59.331  INFO 41456 --- [restartedMain] o.s.b.w.embedded.tomcat.TomcatWebServer  : Tomcat initialized with port(s): 22222 (http)
2018-06-15 10:42:59.332  INFO 41456 --- [restartedMain] o.apache.catalina.core.StandardService   : Starting service [Tomcat]
2018-06-15 10:42:59.332  INFO 41456 --- [restartedMain] org.apache.catalina.core.StandardEngine  : Starting Servlet Engine: Apache Tomcat/8.5.28
2018-06-15 10:42:59.351  INFO 41456 --- [localhost-startStop-1] o.a.c.c.C.[Tomcat].[localhost].[/]       : Initializing Spring embedded WebApplicationContext
2018-06-15 10:42:59.352  INFO 41456 --- [localhost-startStop-1] o.s.web.context.ContextLoader            : Root WebApplicationContext: initialization completed in 1030 ms
2018-06-15 10:42:59.503  INFO 41456 --- [localhost-startStop-1] o.s.b.w.servlet.FilterRegistrationBean   : Mapping filter: 'characterEncodingFilter' to: [/*]
2018-06-15 10:42:59.504  INFO 41456 --- [localhost-startStop-1] o.s.b.w.servlet.FilterRegistrationBean   : Mapping filter: 'hiddenHttpMethodFilter' to: [/*]
2018-06-15 10:42:59.504  INFO 41456 --- [localhost-startStop-1] o.s.b.w.servlet.FilterRegistrationBean   : Mapping filter: 'httpPutFormContentFilter' to: [/*]
2018-06-15 10:42:59.504  INFO 41456 --- [localhost-startStop-1] o.s.b.w.servlet.FilterRegistrationBean   : Mapping filter: 'requestContextFilter' to: [/*]
2018-06-15 10:42:59.504  INFO 41456 --- [localhost-startStop-1] o.s.b.w.servlet.FilterRegistrationBean   : Mapping filter: 'loginStatusCheckFilter' to urls: [/lawyer/*, /ajypfx/*, /recognition/*, /typesetting/*, /loginStatusValidate]
2018-06-15 10:42:59.504  INFO 41456 --- [localhost-startStop-1] o.s.b.w.servlet.ServletRegistrationBean  : Servlet dispatcherServlet mapped to [/]
2018-06-15 10:43:18.376  INFO 41456 --- [restartedMain] com.alibaba.druid.pool.DruidDataSource   : {dataSource-5} inited
2018-06-15 10:43:19.248  INFO 41456 --- [restartedMain] s.w.s.m.m.a.RequestMappingHandlerAdapter : Looking for @ControllerAdvice: org.springframework.boot.web.servlet.context.AnnotationConfigServletWebServerApplicationContext@cd54a2: startup date [Fri Jun 15 10:42:58 CST 2018]; root of context hierarchy
2018-06-15 10:43:19.317  INFO 41456 --- [restartedMain] s.w.s.m.m.a.RequestMappingHandlerMapping : Mapped "{[/api/v1/files],methods=[POST]}" onto java.lang.Object work.zhili.springboot2template.controller.FileUploadController.uploadFile(org.springframework.web.multipart.MultipartFile)
2018-06-15 10:43:19.319  INFO 41456 --- [restartedMain] s.w.s.m.m.a.RequestMappingHandlerMapping : Mapped "{[/],methods=[GET]}" onto java.lang.String work.zhili.springboot2template.controller.NavigationController.root()
2018-06-15 10:43:19.319  INFO 41456 --- [restartedMain] s.w.s.m.m.a.RequestMappingHandlerMapping : Mapped "{[/user/register],methods=[GET]}" onto java.lang.String work.zhili.springboot2template.controller.NavigationController.user()
2018-06-15 10:43:19.319  INFO 41456 --- [restartedMain] s.w.s.m.m.a.RequestMappingHandlerMapping : Mapped "{[/test/1],methods=[GET]}" onto java.lang.String work.zhili.springboot2template.controller.NavigationController.test1(javax.servlet.http.HttpServletRequest,org.springframework.web.servlet.mvc.support.RedirectAttributes)
2018-06-15 10:43:19.319  INFO 41456 --- [restartedMain] s.w.s.m.m.a.RequestMappingHandlerMapping : Mapped "{[/test/2],methods=[GET]}" onto java.lang.String work.zhili.springboot2template.controller.NavigationController.test2()
2018-06-15 10:43:19.320  INFO 41456 --- [restartedMain] s.w.s.m.m.a.RequestMappingHandlerMapping : Mapped "{[/api/v1/first/get],methods=[GET]}" onto java.lang.Object work.zhili.springboot2template.controller.TestController.firstGet()
2018-06-15 10:43:19.321  INFO 41456 --- [restartedMain] s.w.s.m.m.a.RequestMappingHandlerMapping : Mapped "{[/api/v1/users],methods=[POST]}" onto java.lang.Object work.zhili.springboot2template.controller.UserController.add(java.lang.String,java.lang.String)
2018-06-15 10:43:19.322  INFO 41456 --- [restartedMain] s.w.s.m.m.a.RequestMappingHandlerMapping : Mapped "{[/api/v1/users],methods=[PATCH]}" onto java.lang.Object work.zhili.springboot2template.controller.UserController.update(work.zhili.springboot2template.model.User)
2018-06-15 10:43:19.322  INFO 41456 --- [restartedMain] s.w.s.m.m.a.RequestMappingHandlerMapping : Mapped "{[/api/v1/users],methods=[DELETE]}" onto java.lang.Object work.zhili.springboot2template.controller.UserController.delete(java.lang.String)
2018-06-15 10:43:19.322  INFO 41456 --- [restartedMain] s.w.s.m.m.a.RequestMappingHandlerMapping : Mapped "{[/api/v1/users/{userId}],methods=[GET]}" onto org.springframework.http.ResponseEntity<work.zhili.springboot2template.model.User> work.zhili.springboot2template.controller.UserController.select(java.lang.String)
2018-06-15 10:43:19.322  INFO 41456 --- [restartedMain] s.w.s.m.m.a.RequestMappingHandlerMapping : Mapped "{[/api/v1/users],methods=[GET]}" onto java.lang.Object work.zhili.springboot2template.controller.UserController.queryAll()
2018-06-15 10:43:19.325  INFO 41456 --- [restartedMain] s.w.s.m.m.a.RequestMappingHandlerMapping : Mapped "{[/error]}" onto public org.springframework.http.ResponseEntity<java.util.Map<java.lang.String, java.lang.Object>> org.springframework.boot.autoconfigure.web.servlet.error.BasicErrorController.error(javax.servlet.http.HttpServletRequest)
2018-06-15 10:43:19.325  INFO 41456 --- [restartedMain] s.w.s.m.m.a.RequestMappingHandlerMapping : Mapped "{[/error],produces=[text/html]}" onto public org.springframework.web.servlet.ModelAndView org.springframework.boot.autoconfigure.web.servlet.error.BasicErrorController.errorHtml(javax.servlet.http.HttpServletRequest,javax.servlet.http.HttpServletResponse)
2018-06-15 10:43:19.441  INFO 41456 --- [restartedMain] o.s.w.s.handler.SimpleUrlHandlerMapping  : Mapped URL path [/webjars/**] onto handler of type [class org.springframework.web.servlet.resource.ResourceHttpRequestHandler]
2018-06-15 10:43:19.441  INFO 41456 --- [restartedMain] o.s.w.s.handler.SimpleUrlHandlerMapping  : Mapped URL path [/**] onto handler of type [class org.springframework.web.servlet.resource.ResourceHttpRequestHandler]
2018-06-15 10:43:19.491  INFO 41456 --- [restartedMain] .m.m.a.ExceptionHandlerExceptionResolver : Detected @ExceptionHandler methods in controllerExceptionHandler
2018-06-15 10:43:19.538  INFO 41456 --- [restartedMain] o.s.w.s.handler.SimpleUrlHandlerMapping  : Mapped URL path [/**/favicon.ico] onto handler of type [class org.springframework.web.servlet.resource.ResourceHttpRequestHandler]
2018-06-15 10:43:19.600  WARN 41456 --- [restartedMain] org.thymeleaf.templatemode.TemplateMode  : [THYMELEAF][restartedMain] Template Mode 'LEGACYHTML5' is deprecated. Using Template Mode 'HTML' instead.
2018-06-15 10:43:19.678  INFO 41456 --- [restartedMain] o.s.b.a.w.s.WelcomePageHandlerMapping    : Adding welcome page template: index
2018-06-15 10:43:19.921  INFO 41456 --- [restartedMain] o.s.b.d.a.OptionalLiveReloadServer       : LiveReload server is running on port 35729
2018-06-15 10:43:19.931  WARN 41456 --- [restartedMain] arterDeprecationWarningAutoConfiguration : spring-boot-starter-redis is deprecated as of Spring Boot 1.4, please migrate to spring-boot-starter-data-redis
2018-06-15 10:43:20.200  INFO 41456 --- [restartedMain] o.s.j.e.a.AnnotationMBeanExporter        : Registering beans for JMX exposure on startup
2018-06-15 10:43:20.201  INFO 41456 --- [restartedMain] o.s.j.e.a.AnnotationMBeanExporter        : Bean with name 'dataSource' has been autodetected for JMX exposure
2018-06-15 10:43:20.209  INFO 41456 --- [restartedMain] o.s.j.e.a.AnnotationMBeanExporter        : Located MBean 'dataSource': registering with JMX server as MBean [com.alibaba.druid.pool:name=dataSource,type=DruidDataSource]
2018-06-15 10:43:20.231  INFO 41456 --- [restartedMain] o.s.b.w.embedded.tomcat.TomcatWebServer  : Tomcat started on port(s): 22222 (http) with context path ''
2018-06-15 10:43:20.232  INFO 41456 --- [restartedMain] w.zhili.springboot2template.Application  : Started Application in 22.028 seconds (JVM running for 831.511)
2018-06-15 10:43:20.234  INFO 41456 --- [restartedMain] .ConditionEvaluationDeltaLoggingListener : Condition evaluation unchanged
2018-06-15 10:43:20.235  INFO 41456 --- [restartedMain] w.zhili.springboot2template.Application  : application was started in 22039 ms ...
